<?xml version="1.0" encoding="UTF-8"?>
<!-- Generated by org.testng.reporters.JUnitXMLReporter -->
<testsuite hostname="DESKTOP-DG9TNPG" failures="1" tests="4" name="TestOne" time="679.286" errors="0" timestamp="29 Jul 2021 07:33:47 GMT">
  <testcase classname="PackageOne.ClassOne" name="methodOne" time="54.639"/>
  <testcase classname="PackageOne.ClassTwo" name="methodTwo" time="607.885">
    <failure type="org.openqa.selenium.SessionNotCreatedException" message="session not created
from timeout: Timed out receiving message from renderer: 600.000
  (Session info: chrome=92.0.4515.107)
Build info: version: &amp;apos;3.141.59&amp;apos;, revision: &amp;apos;e82be7d358&amp;apos;, time: &amp;apos;2018-11-14T08:25:48&amp;apos;
System info: host: &amp;apos;DESKTOP-DG9TNPG&amp;apos;, ip: &amp;apos;192.168.1.103&amp;apos;, os.name: &amp;apos;Windows 10&amp;apos;, os.arch: &amp;apos;amd64&amp;apos;, os.version: &amp;apos;10.0&amp;apos;, java.version: &amp;apos;11.0.7&amp;apos;
Driver info: driver.version: ChromeDriver
remote stacktrace: Backtrace:
	Ordinal0 [0x007A3733+2504499]
	Ordinal0 [0x0073C401+2081793]
	Ordinal0 [0x00642628+1058344]
	Ordinal0 [0x00634EBF+1003199]
	Ordinal0 [0x00633EF9+999161]
	Ordinal0 [0x006341B6+999862]
	Ordinal0 [0x00633AA5+998053]
	Ordinal0 [0x0063E6B4+1042100]
	Ordinal0 [0x00633A61+997985]
	Ordinal0 [0x00634986+1001862]
	Ordinal0 [0x00633EF9+999161]
	Ordinal0 [0x006341B6+999862]
	Ordinal0 [0x00633AA5+998053]
	Ordinal0 [0x0063C73A+1034042]
	Ordinal0 [0x00633A61+997985]
	Ordinal0 [0x00634986+1001862]
	Ordinal0 [0x00633EF9+999161]
	Ordinal0 [0x006341B6+999862]
	Ordinal0 [0x00633AA5+998053]
	Ordinal0 [0x0063A5E9+1025513]
	Ordinal0 [0x00633A61+997985]
	Ordinal0 [0x00634986+1001862]
	Ordinal0 [0x00633EF9+999161]
	Ordinal0 [0x006341B6+999862]
	Ordinal0 [0x00633AA5+998053]
	Ordinal0 [0x0063990C+1022220]
	Ordinal0 [0x00633A61+997985]
	Ordinal0 [0x00634986+1001862]
	Ordinal0 [0x00633EF9+999161]
	Ordinal0 [0x006341B6+999862]
	Ordinal0 [0x00633AA5+998053]
	Ordinal0 [0x0062F5DD+980445]
	Ordinal0 [0x00633A61+997985]
	Ordinal0 [0x00633800+997376]
	Ordinal0 [0x00633599+996761]
	Ordinal0 [0x00643830+1062960]
	Ordinal0 [0x0068ABB9+1354681]
	Ordinal0 [0x006897DA+1349594]
	Ordinal0 [0x00685D4B+1334603]
	Ordinal0 [0x006622B4+1188532]
	Ordinal0 [0x00663149+1192265]
	GetHandleVerifier [0x0091FB8C+1512252]
	GetHandleVerifier [0x009CB0DF+2214031]
	GetHandleVerifier [0x00824BC3+484211]
	GetHandleVerifier [0x00823E69+480793]
	Ordinal0 [0x0074218D+2105741]
	Ordinal0 [0x007466E8+2123496]
	Ordinal0 [0x00746827+2123815]
	Ordinal0 [0x0074FB73+2161523]
	BaseThreadInitThunk [0x765EFA29+25]
	RtlGetAppContainerNamedObjectPath [0x77B17A7E+286]
	RtlGetAppContainerNamedObjectPath [0x77B17A4E+238]
">
      <![CDATA[org.openqa.selenium.SessionNotCreatedException: session not created
from timeout: Timed out receiving message from renderer: 600.000
  (Session info: chrome=92.0.4515.107)
Build info: version: '3.141.59', revision: 'e82be7d358', time: '2018-11-14T08:25:48'
System info: host: 'DESKTOP-DG9TNPG', ip: '192.168.1.103', os.name: 'Windows 10', os.arch: 'amd64', os.version: '10.0', java.version: '11.0.7'
Driver info: driver.version: ChromeDriver
remote stacktrace: Backtrace:
	Ordinal0 [0x007A3733+2504499]
	Ordinal0 [0x0073C401+2081793]
	Ordinal0 [0x00642628+1058344]
	Ordinal0 [0x00634EBF+1003199]
	Ordinal0 [0x00633EF9+999161]
	Ordinal0 [0x006341B6+999862]
	Ordinal0 [0x00633AA5+998053]
	Ordinal0 [0x0063E6B4+1042100]
	Ordinal0 [0x00633A61+997985]
	Ordinal0 [0x00634986+1001862]
	Ordinal0 [0x00633EF9+999161]
	Ordinal0 [0x006341B6+999862]
	Ordinal0 [0x00633AA5+998053]
	Ordinal0 [0x0063C73A+1034042]
	Ordinal0 [0x00633A61+997985]
	Ordinal0 [0x00634986+1001862]
	Ordinal0 [0x00633EF9+999161]
	Ordinal0 [0x006341B6+999862]
	Ordinal0 [0x00633AA5+998053]
	Ordinal0 [0x0063A5E9+1025513]
	Ordinal0 [0x00633A61+997985]
	Ordinal0 [0x00634986+1001862]
	Ordinal0 [0x00633EF9+999161]
	Ordinal0 [0x006341B6+999862]
	Ordinal0 [0x00633AA5+998053]
	Ordinal0 [0x0063990C+1022220]
	Ordinal0 [0x00633A61+997985]
	Ordinal0 [0x00634986+1001862]
	Ordinal0 [0x00633EF9+999161]
	Ordinal0 [0x006341B6+999862]
	Ordinal0 [0x00633AA5+998053]
	Ordinal0 [0x0062F5DD+980445]
	Ordinal0 [0x00633A61+997985]
	Ordinal0 [0x00633800+997376]
	Ordinal0 [0x00633599+996761]
	Ordinal0 [0x00643830+1062960]
	Ordinal0 [0x0068ABB9+1354681]
	Ordinal0 [0x006897DA+1349594]
	Ordinal0 [0x00685D4B+1334603]
	Ordinal0 [0x006622B4+1188532]
	Ordinal0 [0x00663149+1192265]
	GetHandleVerifier [0x0091FB8C+1512252]
	GetHandleVerifier [0x009CB0DF+2214031]
	GetHandleVerifier [0x00824BC3+484211]
	GetHandleVerifier [0x00823E69+480793]
	Ordinal0 [0x0074218D+2105741]
	Ordinal0 [0x007466E8+2123496]
	Ordinal0 [0x00746827+2123815]
	Ordinal0 [0x0074FB73+2161523]
	BaseThreadInitThunk [0x765EFA29+25]
	RtlGetAppContainerNamedObjectPath [0x77B17A7E+286]
	RtlGetAppContainerNamedObjectPath [0x77B17A4E+238]

	at org.openqa.selenium.remote.W3CHandshakeResponse.lambda$errorHandler$0(W3CHandshakeResponse.java:62)
	at org.openqa.selenium.remote.HandshakeResponse.lambda$getResponseFunction$0(HandshakeResponse.java:30)
	at org.openqa.selenium.remote.ProtocolHandshake.lambda$createSession$0(ProtocolHandshake.java:126)
	at java.base/java.util.stream.ReferencePipeline$3$1.accept(ReferencePipeline.java:195)
	at java.base/java.util.Spliterators$ArraySpliterator.tryAdvance(Spliterators.java:958)
	at java.base/java.util.stream.ReferencePipeline.forEachWithCancel(ReferencePipeline.java:127)
	at java.base/java.util.stream.AbstractPipeline.copyIntoWithCancel(AbstractPipeline.java:502)
	at java.base/java.util.stream.AbstractPipeline.copyInto(AbstractPipeline.java:488)
	at java.base/java.util.stream.AbstractPipeline.wrapAndCopyInto(AbstractPipeline.java:474)
	at java.base/java.util.stream.FindOps$FindOp.evaluateSequential(FindOps.java:150)
	at java.base/java.util.stream.AbstractPipeline.evaluate(AbstractPipeline.java:234)
	at java.base/java.util.stream.ReferencePipeline.findFirst(ReferencePipeline.java:543)
	at org.openqa.selenium.remote.ProtocolHandshake.createSession(ProtocolHandshake.java:128)
	at org.openqa.selenium.remote.ProtocolHandshake.createSession(ProtocolHandshake.java:74)
	at org.openqa.selenium.remote.HttpCommandExecutor.execute(HttpCommandExecutor.java:136)
	at org.openqa.selenium.remote.service.DriverCommandExecutor.execute(DriverCommandExecutor.java:83)
	at org.openqa.selenium.remote.RemoteWebDriver.execute(RemoteWebDriver.java:552)
	at org.openqa.selenium.remote.RemoteWebDriver.startSession(RemoteWebDriver.java:213)
	at org.openqa.selenium.remote.RemoteWebDriver.<init>(RemoteWebDriver.java:131)
	at org.openqa.selenium.chrome.ChromeDriver.<init>(ChromeDriver.java:181)
	at org.openqa.selenium.chrome.ChromeDriver.<init>(ChromeDriver.java:168)
	at org.openqa.selenium.chrome.ChromeDriver.<init>(ChromeDriver.java:123)
	at PackageOne.ClassTwo.methodTwo(Unknown Source)
... Removed 27 stack frames]]>
    </failure>
  </testcase> <!-- methodTwo -->
  <testcase classname="PackageOne.ClassThree" name="methodThree" time="11.37"/>
  <testcase classname="PackageOne.ClassFour" name="methodFour" time="5.362"/>
</testsuite> <!-- TestOne -->
